<?xml version="1.0" encoding="UTF-8"?>
<!-- Generated by org.testng.reporters.JUnitReportReporter -->
<testsuite hostname="Lenovo-PC" name="com.org.CucumberProject.RunnerClass" tests="1" failures="0" timestamp="5 Jun 2020 02:58:25 GMT" time="0.074" errors="0">
  <testcase name="a" time="0.074" classname="com.org.CucumberProject.RunnerClass"/>
</testsuite> <!-- com.org.CucumberProject.RunnerClass -->
